<?xml version="1.0" encoding="UTF-8"?>
<!-- Generated by org.testng.reporters.JUnitReportReporter -->
<testsuite hostname="ESWS7992" failures="0" tests="4" name="com.tutorialsninja.qa.testcases.RegisterTest" time="34.343" errors="0" timestamp="2023-11-09T23:03:28 AEDT" skipped="0">
  <testcase classname="com.tutorialsninja.qa.testcases.RegisterTest" name="verifyRegisteringAnAccountWithMandatoryFields" time="8.618"/>
  <testcase classname="com.tutorialsninja.qa.testcases.RegisterTest" name="verifyRegisteringAnAccountForAllFields" time="8.678"/>
  <testcase classname="com.tutorialsninja.qa.testcases.RegisterTest" name="verifyRegisteringAnAccountWithExistingEmailAddress" time="10.256"/>
  <testcase classname="com.tutorialsninja.qa.testcases.RegisterTest" name="verifyRegisteringAnAccountWithoutDetails" time="6.791"/>
</testsuite> <!-- com.tutorialsninja.qa.testcases.RegisterTest -->
